{
  "RSpec": {
    "coverage": {
      "/home/analyce/Documentos/CAMAAR/app/helpers/application_helper.rb": {
        "lines": [
          1,
          null
        ]
      },
      "/home/analyce/Documentos/CAMAAR/app/helpers/dashboards_helper.rb": {
        "lines": [
          1,
          null
        ]
      },
      "/home/analyce/Documentos/CAMAAR/app/helpers/sessions_helper.rb": {
        "lines": [
          1,
          null
        ]
      },
      "/home/analyce/Documentos/CAMAAR/app/controllers/formularios_controller.rb": {
        "lines": [
          1,
          1,
          1,
          null,
          1,
          4,
          null,
          4,
          4,
          4,
          null,
          null,
          1,
          4,
          3,
          2,
          null,
          1,
          null,
          null,
          1,
          3,
          3,
          null,
          3,
          2,
          null,
          2,
          null,
          null,
          1,
          null,
          1,
          4,
          null,
          null,
          1,
          8,
          null,
          null,
          1,
          12,
          null,
          null,
          1,
          4,
          null,
          null,
          1,
          4,
          null,
          null,
          null,
          null,
          null,
          1,
          4,
          null,
          null,
          1,
          5,
          null,
          1,
          null,
          null,
          1,
          4,
          null,
          null,
          1,
          1,
          null,
          null,
          null,
          1,
          1,
          null,
          null,
          null,
          1,
          1,
          null,
          null,
          null,
          1,
          1,
          null,
          null,
          null,
          1,
          2,
          null,
          null
        ]
      },
      "/home/analyce/Documentos/CAMAAR/app/controllers/application_controller.rb": {
        "lines": [
          1,
          1,
          null,
          1,
          null,
          1,
          null,
          null,
          null,
          1,
          155,
          null,
          null,
          1,
          29,
          null,
          null,
          1,
          10,
          null,
          null,
          1,
          27,
          null,
          11,
          11,
          null,
          null,
          1,
          46,
          null,
          null,
          1,
          23,
          null,
          null,
          1,
          0,
          null,
          null,
          1,
          23,
          null,
          null,
          1,
          27,
          null,
          null,
          1,
          6,
          null,
          null,
          1,
          14,
          null,
          null
        ]
      },
      "/home/analyce/Documentos/CAMAAR/app/mailers/user_mailer.rb": {
        "lines": [
          1,
          1,
          0,
          null,
          0,
          null,
          0,
          null,
          null,
          null,
          null,
          null
        ]
      },
      "/home/analyce/Documentos/CAMAAR/app/mailers/application_mailer.rb": {
        "lines": [
          1,
          1,
          1,
          null
        ]
      },
      "/home/analyce/Documentos/CAMAAR/app/models/admin.rb": {
        "lines": [
          1,
          1,
          1,
          null,
          1,
          null
        ]
      },
      "/home/analyce/Documentos/CAMAAR/app/models/application_record.rb": {
        "lines": [
          null,
          1,
          1,
          null
        ]
      },
      "/home/analyce/Documentos/CAMAAR/app/models/departamento.rb": {
        "lines": [
          null,
          1,
          1,
          1,
          1,
          null,
          1,
          null
        ]
      },
      "/home/analyce/Documentos/CAMAAR/app/models/discente.rb": {
        "lines": [
          null,
          1,
          1,
          null,
          1,
          1,
          1,
          null,
          1,
          1,
          null,
          1,
          null,
          null,
          1,
          3,
          null,
          null,
          null,
          null,
          1,
          6,
          null,
          null
        ]
      },
      "/home/analyce/Documentos/CAMAAR/app/models/docente.rb": {
        "lines": [
          null,
          1,
          1,
          1,
          null,
          1,
          1,
          null,
          1,
          null
        ]
      },
      "/home/analyce/Documentos/CAMAAR/app/models/formulario.rb": {
        "lines": [
          null,
          1,
          1,
          1,
          null,
          1,
          1,
          null,
          1,
          null,
          7,
          7,
          null,
          1,
          18,
          null,
          null,
          1,
          12,
          null,
          null,
          1,
          0,
          null,
          null,
          1,
          2,
          null,
          null
        ]
      },
      "/home/analyce/Documentos/CAMAAR/app/models/template.rb": {
        "lines": [
          null,
          1,
          1,
          null,
          1,
          1,
          null,
          1,
          null
        ]
      },
      "/home/analyce/Documentos/CAMAAR/app/models/turma.rb": {
        "lines": [
          null,
          1,
          1,
          1,
          1,
          null,
          1,
          1,
          null
        ]
      },
      "/home/analyce/Documentos/CAMAAR/app/models/user.rb": {
        "lines": [
          1,
          1,
          null,
          1,
          1,
          1,
          null,
          1,
          1,
          1,
          1,
          null,
          1,
          null,
          null,
          170,
          null,
          1,
          2,
          null,
          null
        ]
      },
      "/home/analyce/Documentos/CAMAAR/app/models/usuario.rb": {
        "lines": [
          null,
          null,
          null,
          null,
          null,
          null,
          null,
          1,
          1,
          null,
          1,
          null,
          1,
          1,
          null,
          1,
          null,
          1,
          null,
          null,
          1,
          1,
          null,
          1,
          0,
          null,
          null
        ]
      },
      "/home/analyce/Documentos/CAMAAR/app/models/disciplina.rb": {
        "lines": [
          null,
          1,
          1,
          null,
          1,
          1,
          null
        ]
      },
      "/home/analyce/Documentos/CAMAAR/app/models/matricula.rb": {
        "lines": [
          null,
          1,
          1,
          1,
          null,
          1,
          null,
          null,
          null,
          null
        ]
      },
      "/home/analyce/Documentos/CAMAAR/app/models/envio_formulario.rb": {
        "lines": [
          null,
          1,
          1,
          1,
          null,
          1,
          null,
          1,
          null,
          null,
          null,
          null,
          1,
          null,
          13,
          null,
          1,
          null,
          1,
          12,
          null,
          null
        ]
      },
      "/home/analyce/Documentos/CAMAAR/app/controllers/sessions_controller.rb": {
        "lines": [
          1,
          1,
          null,
          null,
          1,
          15,
          null,
          15,
          null,
          15,
          13,
          null,
          13,
          11,
          null,
          2,
          null,
          null,
          2,
          2,
          null,
          null,
          null,
          1,
          0,
          0,
          null,
          null
        ]
      },
      "/home/analyce/Documentos/CAMAAR/app/controllers/dashboards_controller.rb": {
        "lines": [
          1,
          null,
          1,
          1,
          null,
          1,
          null,
          1,
          null,
          null,
          1,
          6,
          6,
          6,
          null,
          null,
          1,
          2,
          null,
          2,
          null,
          2,
          2,
          null,
          0,
          null,
          null,
          2,
          null,
          0,
          null,
          null,
          1,
          null,
          null,
          1,
          null,
          null,
          1,
          null,
          1,
          2,
          null,
          null,
          1,
          0,
          0,
          0,
          null,
          null,
          1,
          2,
          null,
          null,
          1,
          2,
          null,
          2,
          2,
          2,
          null,
          0,
          0,
          null,
          null,
          null,
          1,
          0,
          0,
          null,
          0,
          0,
          null,
          null
        ]
      },
      "/home/analyce/Documentos/CAMAAR/app/services/importer/academic_data_importer.rb": {
        "lines": [
          1,
          1,
          1,
          2,
          null,
          2,
          2,
          null,
          null,
          null,
          2,
          2,
          2,
          null,
          2,
          2,
          null,
          null,
          2,
          null,
          2,
          2,
          null,
          null,
          null,
          2,
          2,
          null,
          2,
          2,
          2,
          null,
          2,
          2,
          88,
          null,
          null,
          null,
          2,
          2,
          2,
          null,
          null,
          null,
          null,
          90,
          2,
          null,
          2,
          88,
          null,
          null,
          null,
          null,
          null,
          null,
          null,
          null,
          null,
          2,
          null,
          2,
          2,
          2,
          null,
          2,
          88,
          88,
          null,
          88,
          null,
          null,
          null,
          null,
          null,
          2,
          null,
          2,
          88,
          88,
          88,
          null,
          88,
          null,
          88,
          null,
          2,
          null,
          2,
          88,
          null,
          null,
          2,
          2,
          null,
          null,
          null,
          null,
          null,
          null,
          null,
          null,
          null,
          2,
          null,
          2,
          null,
          2,
          2,
          2,
          null,
          2,
          null,
          2,
          null,
          2,
          2,
          2,
          2,
          null,
          2,
          null,
          null,
          null,
          null,
          0,
          0,
          0,
          null,
          0,
          0,
          0,
          null,
          null,
          null
        ]
      },
      "/home/analyce/Documentos/CAMAAR/app/controllers/turmas_controller.rb": {
        "lines": [
          1,
          1,
          1,
          null,
          1,
          3,
          null,
          null,
          1,
          2,
          null,
          null
        ]
      },
      "/home/analyce/Documentos/CAMAAR/app/models/questao.rb": {
        "lines": [
          null,
          1,
          1,
          1,
          null,
          1,
          null,
          1,
          null,
          1,
          null,
          1,
          null
        ]
      },
      "/home/analyce/Documentos/CAMAAR/app/controllers/passwords_controller.rb": {
        "lines": [
          1,
          1,
          1,
          null,
          1,
          null,
          1,
          3,
          null,
          null,
          1,
          4,
          null,
          3,
          3,
          null,
          2,
          2,
          2,
          null,
          2,
          1,
          null,
          1,
          1,
          null,
          null,
          null,
          1,
          null,
          1,
          7,
          7,
          null,
          null,
          1,
          7,
          null,
          null,
          1,
          3,
          3,
          3,
          null,
          null,
          1,
          2,
          2,
          null,
          null
        ]
      },
      "/home/analyce/Documentos/CAMAAR/app/models/resposta.rb": {
        "lines": [
          null,
          1,
          1,
          1,
          null,
          1,
          null
        ]
      },
      "/home/analyce/Documentos/CAMAAR/app/controllers/envio_formularios_controller.rb": {
        "lines": [
          0,
          0,
          0,
          null,
          0,
          0,
          0,
          0,
          0,
          0,
          null,
          0,
          0,
          null,
          0,
          0,
          null,
          0,
          0,
          0,
          null,
          0,
          null,
          0,
          0,
          0,
          0,
          null,
          0,
          null,
          0,
          0,
          0,
          0,
          0,
          null,
          0,
          0,
          0,
          0,
          null,
          0,
          0,
          0,
          null,
          0,
          0,
          0,
          0,
          0,
          0,
          0,
          null,
          0,
          0,
          0,
          0,
          0,
          null,
          0,
          0,
          0,
          0,
          0,
          null,
          0,
          0,
          null,
          0,
          0,
          0,
          0,
          0,
          0,
          0,
          null,
          0,
          0,
          0
        ],
        "branches": {}
      },
      "/home/analyce/Documentos/CAMAAR/app/controllers/templates_controller.rb": {
        "lines": [
          0,
          0,
          0,
          null,
          0,
          0,
          0,
          null,
          0,
          null,
          0,
          0,
          null,
          0,
          0,
          0
        ],
        "branches": {}
      },
      "/home/analyce/Documentos/CAMAAR/app/jobs/application_job.rb": {
        "lines": [
          0,
          null,
          null,
          null,
          null,
          null,
          0
        ],
        "branches": {}
      },
      "/home/analyce/Documentos/CAMAAR/app/models/opcao_questao.rb": {
        "lines": [
          null,
          0,
          0,
          null,
          0,
          0
        ],
        "branches": {}
      },
      "/home/analyce/Documentos/CAMAAR/app/models/questao_template.rb": {
        "lines": [
          null,
          0,
          0,
          null,
          0,
          0,
          null,
          0,
          null,
          0,
          0,
          0
        ],
        "branches": {}
      }
    },
    "timestamp": 1782705840
  }
}
